<?xml version="1.0" encoding="UTF-8"?>
<!-- Generated by org.testng.reporters.JUnitReportReporter -->
<testsuite hostname="LAPTOP-AGEUKFVQ" name="pe.com.test.demoEbay.BuscadorTest" tests="1" failures="0" timestamp="17 Jul 2019 06:00:20 GMT" time="39.292" errors="0">
  <testcase name="buscarMarca" time="39.292" classname="pe.com.test.demoEbay.BuscadorTest"/>
</testsuite> <!-- pe.com.test.demoEbay.BuscadorTest -->
